<?xml version="1.0" encoding="UTF-8"?>
<!-- Generated by org.testng.reporters.JUnitXMLReporter -->
<testsuite ignored="0" hostname="DESKTOP-5UEBSIB" failures="1" tests="1" name="Test" time="111.092" errors="0" timestamp="08 Mar 2022 00:58:58 GMT">
  <testcase classname="com.jupiter.testCases.TC_One_001" name="testCase01" time="64.078">
    <failure type="java.lang.AssertionError" message="expected [true] but found [false]">
      <![CDATA[java.lang.AssertionError: expected [true] but found [false]
at com.jupiter.pageObjects.ContactPage.validateAlertInfo(ContactPage.java:301)
at com.jupiter.testCases.TC_One_001.testCase01(TC_One_001.java:58)
... Removed 29 stack frames]]>
    </failure>
  </testcase> <!-- testCase01 -->
</testsuite> <!-- Test -->
