<?xml version="1.0" encoding="UTF-8"?>
<testng-results ignored="0" total="1" passed="0" failed="1" skipped="0">
  <reporter-output>
    <line>
      <![CDATA[Clicked on Contact]]>
    </line>
    <line>
      <![CDATA[Automated Click on Contact]]>
    </line>
    <line>
      <![CDATA[Clicked on btnSubmit:]]>
    </line>
    <line>
      <![CDATA[Automated Click on Submit]]>
    </line>
    <line>
      <![CDATA[Validated Error Message:We welcome your feedback - but we won't get it unless you complete the form correctly.]]>
    </line>
    <line>
      <![CDATA[Automated - validateERROR]]>
    </line>
    <line>
      <![CDATA[Populated Mandatory Text:Forename is required]]>
    </line>
    <line>
      <![CDATA[Automated- populate Mandatory text  Forname]]>
    </line>
    <line>
      <![CDATA[Populated Mandatory Text:Email is required]]>
    </line>
    <line>
      <![CDATA[Automated- populate Mandatory text  Email]]>
    </line>
    <line>
      <![CDATA[Populated Mandatory Text:Message is required]]>
    </line>
    <line>
      <![CDATA[Automated- populate Mandatory text  Message]]>
    </line>
    <line>
      <![CDATA[Unsuccessful-Alert Info]]>
    </line>
  </reporter-output>
  <suite started-at="2022-03-08T00:57:06Z" name="Suite" finished-at="2022-03-08T00:58:57Z" duration-ms="111092">
    <groups>
    </groups>
    <test started-at="2022-03-08T00:57:06Z" name="Test" finished-at="2022-03-08T00:58:57Z" duration-ms="111092">
      <class name="com.jupiter.testCases.TC_One_001">
        <test-method is-config="true" signature="setup(java.lang.String)[pri:0, instance:com.jupiter.testCases.TC_One_001@4397ad89]" started-at="2022-03-08T00:57:06Z" name="setup" finished-at="2022-03-08T00:57:53Z" duration-ms="46332" status="PASS">
          <params>
            <param index="0">
              <value>
                <![CDATA[chrome]]>
              </value>
            </param>
          </params>
          <reporter-output>
          </reporter-output>
        </test-method> <!-- setup -->
        <test-method signature="testCase01()[pri:1, instance:com.jupiter.testCases.TC_One_001@4397ad89]" started-at="2022-03-08T00:57:53Z" name="testCase01" finished-at="2022-03-08T00:58:57Z" duration-ms="64078" status="FAIL">
          <exception class="java.lang.AssertionError">
            <message>
              <![CDATA[expected [true] but found [false]]]>
            </message>
            <full-stacktrace>
              <![CDATA[java.lang.AssertionError: expected [true] but found [false]
at org.testng.Assert.fail(Assert.java:96)
at org.testng.Assert.failNotEquals(Assert.java:776)
at org.testng.Assert.assertTrue(Assert.java:44)
at org.testng.Assert.assertTrue(Assert.java:54)
at com.jupiter.pageObjects.ContactPage.validateAlertInfo(ContactPage.java:301)
at com.jupiter.testCases.TC_One_001.testCase01(TC_One_001.java:58)
at java.base/jdk.internal.reflect.NativeMethodAccessorImpl.invoke0(Native Method)
at java.base/jdk.internal.reflect.NativeMethodAccessorImpl.invoke(NativeMethodAccessorImpl.java:77)
at java.base/jdk.internal.reflect.DelegatingMethodAccessorImpl.invoke(DelegatingMethodAccessorImpl.java:43)
at java.base/java.lang.reflect.Method.invoke(Method.java:568)
at org.testng.internal.MethodInvocationHelper.invokeMethod(MethodInvocationHelper.java:124)
at org.testng.internal.Invoker.invokeMethod(Invoker.java:583)
at org.testng.internal.Invoker.invokeTestMethod(Invoker.java:719)
at org.testng.internal.Invoker.invokeTestMethods(Invoker.java:989)
at org.testng.internal.TestMethodWorker.invokeTestMethods(TestMethodWorker.java:125)
at org.testng.internal.TestMethodWorker.run(TestMethodWorker.java:109)
at org.testng.TestRunner.privateRun(TestRunner.java:648)
at org.testng.TestRunner.run(TestRunner.java:505)
at org.testng.SuiteRunner.runTest(SuiteRunner.java:455)
at org.testng.SuiteRunner.runSequentially(SuiteRunner.java:450)
at org.testng.SuiteRunner.privateRun(SuiteRunner.java:415)
at org.testng.SuiteRunner.run(SuiteRunner.java:364)
at org.testng.SuiteRunnerWorker.runSuite(SuiteRunnerWorker.java:52)
at org.testng.SuiteRunnerWorker.run(SuiteRunnerWorker.java:84)
at org.testng.TestNG.runSuitesSequentially(TestNG.java:1208)
at org.testng.TestNG.runSuitesLocally(TestNG.java:1137)
at org.testng.TestNG.runSuites(TestNG.java:1049)
at org.testng.TestNG.run(TestNG.java:1017)
at org.testng.remote.AbstractRemoteTestNG.run(AbstractRemoteTestNG.java:115)
at org.testng.remote.RemoteTestNG.initAndRun(RemoteTestNG.java:251)
at org.testng.remote.RemoteTestNG.main(RemoteTestNG.java:77)
]]>
            </full-stacktrace>
          </exception> <!-- java.lang.AssertionError -->
          <reporter-output>
            <line>
              <![CDATA[Clicked on Contact]]>
            </line>
            <line>
              <![CDATA[Automated Click on Contact]]>
            </line>
            <line>
              <![CDATA[Clicked on btnSubmit:]]>
            </line>
            <line>
              <![CDATA[Automated Click on Submit]]>
            </line>
            <line>
              <![CDATA[Validated Error Message:We welcome your feedback - but we won't get it unless you complete the form correctly.]]>
            </line>
            <line>
              <![CDATA[Automated - validateERROR]]>
            </line>
            <line>
              <![CDATA[Populated Mandatory Text:Forename is required]]>
            </line>
            <line>
              <![CDATA[Automated- populate Mandatory text  Forname]]>
            </line>
            <line>
              <![CDATA[Populated Mandatory Text:Email is required]]>
            </line>
            <line>
              <![CDATA[Automated- populate Mandatory text  Email]]>
            </line>
            <line>
              <![CDATA[Populated Mandatory Text:Message is required]]>
            </line>
            <line>
              <![CDATA[Automated- populate Mandatory text  Message]]>
            </line>
            <line>
              <![CDATA[Unsuccessful-Alert Info]]>
            </line>
          </reporter-output>
        </test-method> <!-- testCase01 -->
      </class> <!-- com.jupiter.testCases.TC_One_001 -->
    </test> <!-- Test -->
  </suite> <!-- Suite -->
</testng-results>
